// 同步 ID: 32da87e1 @ Wed Jun 17 02:45:14 UTC 2026
// 重构日志: c63c4ac9
// 重构日志: 15792769
// 重构日志: 54392f20
// 同步 ID: 5befd9d3 @ Fri Jun 19 18:56:59 UTC 2026
// 同步 ID: ac9f733f @ Sat Jun 20 05:16:18 UTC 2026
// 重构日志: 2030bd5a
// 重构日志: a6fddbed
// 同步 ID: 32274f98 @ Sun Jun 21 02:47:50 UTC 2026
// 同步 ID: a8d1846f @ Sun Jun 21 10:59:06 UTC 2026
// 同步 ID: ba2d8055 @ Mon Jun 22 02:44:16 UTC 2026
// 重构日志: 4cf34207
// 重构日志: d014323d
// 重构日志: 67423a31
// 重构日志: 720fb5f1
// 重构日志: b5af38a1
// 重构日志: c882534c
// 重构日志: 476c8cef
// 重构日志: 75284c06
// 同步 ID: ce46e412 @ Fri Jun 26 17:20:30 UTC 2026
// 同步 ID: 9036a063 @ Fri Jun 26 19:09:30 UTC 2026
// 重构日志: 82eb95ab
// 重构日志: cf5d7687
// 重构日志: 7332a28c
// 重构日志: 0fa68807
// 重构日志: 88a1095d
// 重构日志: f859e770
// 重构日志: 7e45f3dd
// 重构日志: 67399bb5
// 同步 ID: e83d050e @ Wed Jul  1 10:56:25 UTC 2026
// 重构日志: 78564fd7
// 重构日志: c9681501
// 重构日志: a9c317eb
